[LOG] System::create                           : Header version = 1.10.04. Current version = 1.10.04.
[LOG] SystemI::setOutputInternal               : Setting output to 'FMOD WASAPI Output'
[LOG] Manager::init                            : maxchannels = 1024 studioflags = 00000009 flags 00000000 extradriverdata 0000000000000000.
[LOG] SystemI::init                            : Initialize version=11004 (93853), maxchannels=1024, flags=0x00030000
[LOG] OutputWASAPI::init                       : Mix Format (WAVEFORMATEX): wFormatTag=0xFFFE, nChannels=2, nSamplesPerSec=48000, nAvgBytesPerSec=384000, nBlockAlign=8, wBitsPerSample=32, cbSize=22.
[LOG] OutputWASAPI::init                       : Mix Format (WAVEFORMATEXTENSIBLE): wValidBitsPerSample=32, dwChannelMask=0x00000003, SubFormat=00000003-0000-0010-8000-00AA00389B71.
[LOG] OutputWASAPI::init                       : Output buffer size: 4096 samples, latency: 0.00ms, period: 10.00ms, DSP buffer: 1024 * 4
[LOG] Thread::initThread                       : Init FMOD stream thread. Priority: 2, Stack Size: 65536, Semaphore: No, Sleep Time: 10, Looping: Yes.
[LOG] SystemI::DSPCodecPoolRegister            : register codec pool for pool type 5
[LOG] Thread::initThread                       : Init FMOD mixer thread. Priority: 3, Stack Size: 49152, Semaphore: No, Sleep Time: 0, Looping: Yes.
[LOG] AsyncManager::init                       : manager 000000004B6B00D8 isAsync 1 updatePeriod 0.02
[LOG] Thread::initThread                       : Init FMOD Studio update thread. Priority: 0, Stack Size: 65536, Semaphore: No, Sleep Time: 1, Looping: No.
[LOG] AsyncManager::init                       : done
[LOG] PlaybackSystem::init                     : 
[LOG] Thread::initThread                       : Init FMOD Studio sample load thread. Priority: 0, Stack Size: 65536, Semaphore: No, Sleep Time: 1, Looping: No.
[LOG] PlaybackSystem::init                     : done
[LOG] LiveUpdate::init                         : 
[LOG] Thread::initThread                       : Init FMOD Studio bank load thread. Priority: 0, Stack Size: 65536, Semaphore: No, Sleep Time: 1, Looping: No.
[LOG] Manager::init                            : done.
[LOG] Profile::init                            : Profiler listening on port: 9264
[LOG] Manager::readBank                        : fileversion = 100, compatVersion = 99 (oldest = 44, newest = 100)
[LOG] Manager::readBank                        : fileversion = 100, compatVersion = 99 (oldest = 44, newest = 100)
[LOG] PlaybackSystem::acquireMasterBus         : Setting master channel group format to 6
[LOG] SystemI::createSound                     : filename = Package\Build\Desktop/Murder Room.bank : mode 02010082
[LOG] SystemI::createSound                     : FMOD_NONBLOCKING specified.  Putting into queue to be opened asynchronously!
[LOG] Thread::initThread                       : Init FMOD nonblocking thread (0). Priority: 1, Stack Size: 81920, Semaphore: Yes, Sleep Time: 0, Looping: Yes.
[LOG] SystemI::createSound                     : setdata soundi = 000000004BBA8A98 : node = 00000000567B8A30
[LOG] SystemI::createSound                     : add node to async list : head = 0000000056142748.  list count = 0
[LOG] AsyncThread::threadFunc                  : Starting Asynchronous operation on sound 000000004BBA8A98
[LOG] SystemI::createSoundInternal             :     Create name='Package\Build\Desktop/Murder Room.bank', mode=0x02010082
[LOG] SystemI::createSoundInternal             :     exinfo->cbsize             = 232
[LOG] SystemI::createSoundInternal             :     exinfo->length             = 7658752
[LOG] SystemI::createSoundInternal             :     exinfo->fileoffset         = 37472
[LOG] SystemI::createSoundInternal             :     exinfo->numsubsounds       = 1
[LOG] SystemI::createSoundInternal             :     exinfo->inclusionlist      = 00000000567B8B48
[LOG] SystemI::createSoundInternal             :     exinfo->inclusionlistnum   = 1
[LOG] SystemI::createSoundInternal             :     exinfo->suggestedsoundtype = 5
[LOG] SystemI::createSoundInternal             :     exinfo->initialseekpostype = 1
[LOG] SystemI::createSound                     :     filename = Package\Build\Desktop/Murder Room.bank : mode 02010082
[LOG] SystemI::createSound                     :     FMOD_NONBLOCKING specified.  Putting into queue to be opened asynchronously!
[LOG] SystemI::createSound                     :     setdata soundi = 000000004BBA8C48 : node = 00000000567B8B80
[LOG] SystemI::createSound                     :     add node to async list : head = 0000000056142748.  list count = 0
[LOG] SystemI::createSound                     :     filename = Package\Build\Desktop/Murder Room.bank : mode 02010082
[LOG] SystemI::createSound                     :     FMOD_NONBLOCKING specified.  Putting into queue to be opened asynchronously!
[LOG] SystemI::createSound                     :     setdata soundi = 000000004BBA8DF8 : node = 00000000567B9600
[LOG] SystemI::createSound                     :     add node to async list : head = 0000000056142748.  list count = 1
[LOG] SystemI::createSound                     :     filename = Package\Build\Desktop/Murder Room.bank : mode 02010082
[LOG] SystemI::createSound                     :     FMOD_NONBLOCKING specified.  Putting into queue to be opened asynchronously!
[LOG] SystemI::createSound                     :     setdata soundi = 000000004BBA8FA8 : node = 00000000567B84F0
[LOG] SystemI::createSound                     :     add node to async list : head = 0000000056142748.  list count = 2
[LOG] SystemI::createSound                     :     filename = Package\Build\Desktop/Murder Room.bank : mode 02010082
[LOG] SystemI::createSound                     :     FMOD_NONBLOCKING specified.  Putting into queue to be opened asynchronously!
[LOG] SystemI::createSound                     :     setdata soundi = 000000004B722FA8 : node = 00000000567B90C0
[LOG] SystemI::createSound                     :     add node to async list : head = 0000000056142748.  list count = 3
[LOG] SystemI::createSound                     :     filename = Package\Build\Desktop/Murder Room.bank : mode 02010082
[LOG] SystemI::createSound                     :     FMOD_NONBLOCKING specified.  Putting into queue to be opened asynchronously!
[LOG] SystemI::createSound                     :     setdata soundi = 00000000562DDC48 : node = 00000000567B7E60
[LOG] SystemI::createSound                     :     add node to async list : head = 0000000056142748.  list count = 4
[LOG] SystemI::createSoundInternal             :     Create name='', mode=0x02000202
[LOG] SystemI::createSoundInternal             :     exinfo->cbsize             = 232
[LOG] SystemI::createSoundInternal             :     exinfo->length             = 7658752
[LOG] SystemI::createSoundInternal             :     exinfo->fileoffset         = 37472
[LOG] SystemI::createSoundInternal             :     exinfo->numsubsounds       = 1
[LOG] SystemI::createSoundInternal             :     exinfo->inclusionlist      = 00000000761CF5FC
[LOG] SystemI::createSoundInternal             :     exinfo->inclusionlistnum   = 1
[LOG] SystemI::createSoundInternal             :     exinfo->suggestedsoundtype = 5
[LOG] SystemI::createSoundInternal             :     exinfo->useropen           = 00007FF9925DE310
[LOG] SystemI::createSoundInternal             :     exinfo->userclose          = 00007FF9925DE2E0
[LOG] SystemI::createSoundInternal             :     exinfo->userread           = 00007FF9925DE3E0
[LOG] SystemI::createSoundInternal             :     exinfo->userseek           = 00007FF9925DE490
[LOG] SystemI::createSoundInternal             :     exinfo->fileuserdata       = 000000005642EE98
[LOG] SystemI::createSoundInternal             :     exinfo->initialseekpostype = 1
[LOG] SystemI::createSoundInternal             :     Stream 0/1: name='AMB_rain and thunder', format=2, channels=2, frequency=48000, lengthbytes=533632, lengthpcm=2711744, pcmblocksize=0, loopstart=0, loopend=0, mode=0x00000000, channelmask=0x00000000, channelorder=0, peakvolume=0.063110.
[LOG] SystemI::DSPCodecPoolRegister            :     register codec pool for pool type 5
[LOG] SystemI::createSoundInternal             :     Sample 0/1: name='glas_2', format=2, channels=2, frequency=48000, lengthbytes=10016, lengthpcm=44416, pcmblocksize=0, loopstart=0, loopend=0, mode=0x00000000, channelmask=0x00000000, channelorder=0, peakvolume=0.051544.
[LOG] SystemI::createSoundInternal             :     Create name='', mode=0x02000202
[LOG] SystemI::createSoundInternal             :     exinfo->cbsize             = 232
[LOG] SystemI::createSoundInternal             :     exinfo->length             = 7658752
[LOG] SystemI::createSoundInternal             :     exinfo->fileoffset         = 37472
[LOG] SystemI::createSoundInternal             :     exinfo->numsubsounds       = 1
[LOG] SystemI::createSoundInternal             :     exinfo->inclusionlist      = 00000000761CF5FC
[LOG] SystemI::createSoundInternal             :     exinfo->inclusionlistnum   = 1
[LOG] SystemI::createSoundInternal             :     exinfo->suggestedsoundtype = 5
[LOG] SystemI::createSoundInternal             :     exinfo->useropen           = 00007FF9925DE310
[LOG] SystemI::createSoundInternal             :     exinfo->userclose          = 00007FF9925DE2E0
[LOG] SystemI::createSoundInternal             :     exinfo->userread           = 00007FF9925DE3E0
[LOG] SystemI::createSoundInternal             :     exinfo->userseek           = 00007FF9925DE490
[LOG] SystemI::createSoundInternal             :     exinfo->fileuserdata       = 000000005642EE98
[LOG] SystemI::createSoundInternal             :     exinfo->initialseekpostype = 1
[LOG] SystemI::DSPCodecPoolRegister            :     register codec pool for pool type 5
[LOG] SystemI::createSoundInternal             :     Sample 0/1: name='glas_3', format=2, channels=2, frequency=48000, lengthbytes=2560, lengthpcm=11104, pcmblocksize=0, loopstart=0, loopend=0, mode=0x00000000, channelmask=0x00000000, channelorder=0, peakvolume=0.040161.
[LOG] SystemI::createSoundInternal             :     Create name='', mode=0x02000202
[LOG] SystemI::createSoundInternal             :     exinfo->cbsize             = 232
[LOG] SystemI::createSoundInternal             :     exinfo->length             = 7658752
[LOG] SystemI::createSoundInternal             :     exinfo->fileoffset         = 37472
[LOG] SystemI::createSoundInternal             :     exinfo->numsubsounds       = 1
[LOG] SystemI::createSoundInternal             :     exinfo->inclusionlist      = 00000000761CF5FC
[LOG] SystemI::createSoundInternal             :     exinfo->inclusionlistnum   = 1
[LOG] SystemI::createSoundInternal             :     exinfo->suggestedsoundtype = 5
[LOG] SystemI::createSoundInternal             :     exinfo->useropen           = 00007FF9925DE310
[LOG] SystemI::createSoundInternal             :     exinfo->userclose          = 00007FF9925DE2E0
[LOG] SystemI::createSoundInternal             :     exinfo->userread           = 00007FF9925DE3E0
[LOG] SystemI::createSoundInternal             :     exinfo->userseek           = 00007FF9925DE490
[LOG] SystemI::createSoundInternal             :     exinfo->fileuserdata       = 000000005642EE98
[LOG] SystemI::createSoundInternal             :     exinfo->initialseekpostype = 1
[LOG] SystemI::DSPCodecPoolRegister            :     register codec pool for pool type 5
[LOG] SystemI::createSoundInternal             :     Sample 0/1: name='glas_4', format=2, channels=2, frequency=48000, lengthbytes=9984, lengthpcm=44416, pcmblocksize=0, loopstart=0, loopend=0, mode=0x00000000, channelmask=0x00000000, channelorder=0, peakvolume=0.051544.
[LOG] SystemI::createSoundInternal             :     Create name='', mode=0x02000202
[LOG] SystemI::createSoundInternal             :     exinfo->cbsize             = 232
[LOG] SystemI::createSoundInternal             :     exinfo->length             = 7658752
[LOG] SystemI::createSoundInternal             :     exinfo->fileoffset         = 37472
[LOG] SystemI::createSoundInternal             :     exinfo->numsubsounds       = 1
[LOG] SystemI::createSoundInternal             :     exinfo->inclusionlist      = 00000000761CF5FC
[LOG] SystemI::createSoundInternal             :     exinfo->inclusionlistnum   = 1
[LOG] SystemI::createSoundInternal             :     exinfo->suggestedsoundtype = 5
[LOG] SystemI::createSoundInternal             :     exinfo->useropen           = 00007FF9925DE310
[LOG] SystemI::createSoundInternal             :     exinfo->userclose          = 00007FF9925DE2E0
[LOG] SystemI::createSoundInternal             :     exinfo->userread           = 00007FF9925DE3E0
[LOG] SystemI::createSoundInternal             :     exinfo->userseek           = 00007FF9925DE490
[LOG] SystemI::createSoundInternal             :     exinfo->fileuserdata       = 000000005642EE98
[LOG] SystemI::createSoundInternal             :     exinfo->initialseekpostype = 1
[LOG] SystemI::DSPCodecPoolRegister            :     register codec pool for pool type 5
[LOG] SystemI::createSoundInternal             :     Sample 0/1: name='glas_5', format=2, channels=2, frequency=48000, lengthbytes=4832, lengthpcm=22208, pcmblocksize=0, loopstart=0, loopend=0, mode=0x00000000, channelmask=0x00000000, channelorder=0, peakvolume=0.049225.
[LOG] SystemI::createSoundInternal             :     Create name='', mode=0x02000202
[LOG] SystemI::createSoundInternal             :     exinfo->cbsize             = 232
[LOG] SystemI::createSoundInternal             :     exinfo->length             = 7658752
[LOG] SystemI::createSoundInternal             :     exinfo->fileoffset         = 37472
[LOG] SystemI::createSoundInternal             :     exinfo->numsubsounds       = 1
[LOG] SystemI::createSoundInternal             :     exinfo->inclusionlist      = 00000000761CF5FC
[LOG] SystemI::createSoundInternal             :     exinfo->inclusionlistnum   = 1
[LOG] SystemI::createSoundInternal             :     exinfo->suggestedsoundtype = 5
[LOG] SystemI::createSoundInternal             :     exinfo->useropen           = 00007FF9925DE310
[LOG] SystemI::createSoundInternal             :     exinfo->userclose          = 00007FF9925DE2E0
[LOG] SystemI::createSoundInternal             :     exinfo->userread           = 00007FF9925DE3E0
[LOG] SystemI::createSoundInternal             :     exinfo->userseek           = 00007FF9925DE490
[LOG] SystemI::createSoundInternal             :     exinfo->fileuserdata       = 000000005642EE98
[LOG] SystemI::createSoundInternal             :     exinfo->initialseekpostype = 1
[LOG] SystemI::DSPCodecPoolRegister            :     register codec pool for pool type 5
[LOG] SystemI::createSoundInternal             :     Sample 0/1: name='glas_1', format=2, channels=2, frequency=48000, lengthbytes=9600, lengthpcm=43028, pcmblocksize=0, loopstart=0, loopend=0, mode=0x00000000, channelmask=0x00000000, channelorder=0, peakvolume=0.047485.
[LOG] Thread::initThread                       :     Init FMOD file thread. Priority: 1, Stack Size: 16384, Semaphore: No, Sleep Time: 10, Looping: Yes.
[LOG] AsyncThread::threadFunc                  : Finished Asynchronous operation on sound 000000004BBA8A98
[LOG] AsyncThread::threadFunc                  : Starting Asynchronous operation on sound 000000004BBA8C48
[LOG] SystemI::createSoundInternal             :     Create name='Package\Build\Desktop/Murder Room.bank', mode=0x02010082
[LOG] SystemI::createSoundInternal             :     exinfo->cbsize             = 232
[LOG] SystemI::createSoundInternal             :     exinfo->length             = 7658752
[LOG] SystemI::createSoundInternal             :     exinfo->fileoffset         = 37472
[LOG] SystemI::createSoundInternal             :     exinfo->numsubsounds       = 1
[LOG] SystemI::createSoundInternal             :     exinfo->inclusionlist      = 00000000567B8C98
[LOG] SystemI::createSoundInternal             :     exinfo->inclusionlistnum   = 1
[LOG] SystemI::createSoundInternal             :     exinfo->suggestedsoundtype = 5
[LOG] SystemI::createSoundInternal             :     exinfo->initialseekpostype = 1
[LOG] SystemI::createSoundInternal             :     Stream 0/1: name='piano (octave)', format=2, channels=2, frequency=48000, lengthbytes=723232, lengthpcm=3225600, pcmblocksize=0, loopstart=0, loopend=0, mode=0x00000000, channelmask=0x00000000, channelorder=0, peakvolume=0.999481.
[LOG] AsyncThread::threadFunc                  : Finished Asynchronous operation on sound 000000004BBA8C48
[LOG] AsyncThread::threadFunc                  : Starting Asynchronous operation on sound 000000004BBA8DF8
[LOG] SystemI::createSoundInternal             :     Create name='Package\Build\Desktop/Murder Room.bank', mode=0x02010082
[LOG] SystemI::createSoundInternal             :     exinfo->cbsize             = 232
[LOG] SystemI::createSoundInternal             :     exinfo->length             = 7658752
[LOG] SystemI::createSoundInternal             :     exinfo->fileoffset         = 37472
[LOG] SystemI::createSoundInternal             :     exinfo->numsubsounds       = 1
[LOG] SystemI::createSoundInternal             :     exinfo->inclusionlist      = 00000000567B9718
[LOG] SystemI::createSoundInternal             :     exinfo->inclusionlistnum   = 1
[LOG] SystemI::createSoundInternal             :     exinfo->suggestedsoundtype = 5
[LOG] SystemI::createSoundInternal             :     exinfo->initialseekpostype = 1
[LOG] SystemI::createSoundInternal             :     Stream 0/1: name='variation1', format=2, channels=2, frequency=48000, lengthbytes=784384, lengthpcm=3225600, pcmblocksize=0, loopstart=0, loopend=0, mode=0x00000000, channelmask=0x00000000, channelorder=0, peakvolume=0.999969.
[LOG] AsyncThread::threadFunc                  : Finished Asynchronous operation on sound 000000004BBA8DF8
[LOG] AsyncThread::threadFunc                  : Starting Asynchronous operation on sound 000000004BBA8FA8
[LOG] SystemI::createSoundInternal             :     Create name='Package\Build\Desktop/Murder Room.bank', mode=0x02010082
[LOG] SystemI::createSoundInternal             :     exinfo->cbsize             = 232
[LOG] SystemI::createSoundInternal             :     exinfo->length             = 7658752
[LOG] SystemI::createSoundInternal             :     exinfo->fileoffset         = 37472
[LOG] SystemI::createSoundInternal             :     exinfo->numsubsounds       = 1
[LOG] SystemI::createSoundInternal             :     exinfo->inclusionlist      = 00000000567B8608
[LOG] SystemI::createSoundInternal             :     exinfo->inclusionlistnum   = 1
[LOG] SystemI::createSoundInternal             :     exinfo->suggestedsoundtype = 5
[LOG] SystemI::createSoundInternal             :     exinfo->initialseekpostype = 1
[LOG] SystemI::createSoundInternal             :     Stream 0/1: name='variation1 (gramophone)', format=2, channels=2, frequency=48000, lengthbytes=837056, lengthpcm=3225600, pcmblocksize=0, loopstart=0, loopend=0, mode=0x00000000, channelmask=0x00000000, channelorder=0, peakvolume=0.999969.
[LOG] AsyncThread::threadFunc                  : Finished Asynchronous operation on sound 000000004BBA8FA8
[LOG] AsyncThread::threadFunc                  : Starting Asynchronous operation on sound 000000004B722FA8
[LOG] SystemI::createSoundInternal             :     Create name='Package\Build\Desktop/Murder Room.bank', mode=0x02010082
[LOG] SystemI::createSoundInternal             :     exinfo->cbsize             = 232
[LOG] SystemI::createSoundInternal             :     exinfo->length             = 7658752
[LOG] SystemI::createSoundInternal             :     exinfo->fileoffset         = 37472
[LOG] SystemI::createSoundInternal             :     exinfo->numsubsounds       = 1
[LOG] SystemI::createSoundInternal             :     exinfo->inclusionlist      = 00000000567B91D8
[LOG] SystemI::createSoundInternal             :     exinfo->inclusionlistnum   = 1
[LOG] SystemI::createSoundInternal             :     exinfo->suggestedsoundtype = 5
[LOG] SystemI::createSoundInternal             :     exinfo->initialseekpostype = 1
[LOG] SystemI::createSoundInternal             :     Stream 0/1: name='Fireplace_high_edit', format=2, channels=2, frequency=48000, lengthbytes=986272, lengthpcm=4182124, pcmblocksize=0, loopstart=0, loopend=0, mode=0x00000000, channelmask=0x00000000, channelorder=0, peakvolume=0.116738.
[LOG] AsyncThread::threadFunc                  : Finished Asynchronous operation on sound 000000004B722FA8
[LOG] AsyncThread::threadFunc                  : Starting Asynchronous operation on sound 00000000562DDC48
[LOG] SystemI::createSoundInternal             :     Create name='Package\Build\Desktop/Murder Room.bank', mode=0x02010082
[LOG] SystemI::createSoundInternal             :     exinfo->cbsize             = 232
[LOG] SystemI::createSoundInternal             :     exinfo->length             = 7658752
[LOG] SystemI::createSoundInternal             :     exinfo->fileoffset         = 37472
[LOG] SystemI::createSoundInternal             :     exinfo->numsubsounds       = 1
[LOG] SystemI::createSoundInternal             :     exinfo->inclusionlist      = 00000000567B7F78
[LOG] SystemI::createSoundInternal             :     exinfo->inclusionlistnum   = 1
[LOG] SystemI::createSoundInternal             :     exinfo->suggestedsoundtype = 5
[LOG] SystemI::createSoundInternal             :     exinfo->initialseekpostype = 1
[LOG] SystemI::createSoundInternal             :     Stream 0/1: name='Fireplace_low', format=2, channels=2, frequency=48000, lengthbytes=963616, lengthpcm=3478928, pcmblocksize=0, loopstart=0, loopend=0, mode=0x00000000, channelmask=0x00000000, channelorder=0, peakvolume=0.999908.
[LOG] AsyncThread::threadFunc                  : Finished Asynchronous operation on sound 00000000562DDC48
[LOG] SoundI::getSubSound                      : sound 000000004BBA8A98.  Subsound index 0 / 1
[LOG] SoundI::getSubSound                      : sound 000000004BBA8C48.  Subsound index 0 / 1
[LOG] SoundI::getSubSound                      : sound 000000004BBA8DF8.  Subsound index 0 / 1
[LOG] SoundI::getSubSound                      : sound 000000004BBA8FA8.  Subsound index 0 / 1
[LOG] SystemI::createSound                     : filename = Package\Build\Desktop/Murder Room.bank : mode 02010082
[LOG] SystemI::createSound                     : FMOD_NONBLOCKING specified.  Putting into queue to be opened asynchronously!
[LOG] SystemI::createSound                     : setdata soundi = 00000000562DE158 : node = 00000000567B9210
[LOG] SystemI::createSound                     : add node to async list : head = 0000000056142748.  list count = 0
[LOG] AsyncThread::threadFunc                  : Starting Asynchronous operation on sound 00000000562DE158
[LOG] SystemI::createSoundInternal             :     Create name='Package\Build\Desktop/Murder Room.bank', mode=0x02010082
[LOG] SystemI::createSoundInternal             :     exinfo->cbsize             = 232
[LOG] SystemI::createSoundInternal             :     exinfo->length             = 7658752
[LOG] SystemI::createSoundInternal             :     exinfo->fileoffset         = 37472
[LOG] SystemI::createSoundInternal             :     exinfo->numsubsounds       = 1
[LOG] SystemI::createSoundInternal             :     exinfo->inclusionlist      = 00000000567B9328
[LOG] SystemI::createSoundInternal             :     exinfo->inclusionlistnum   = 1
[LOG] SoundI::getSubSound                      :     sound 000000004B722FA8.  Subsound index 0 / 1
[LOG] SystemI::createSoundInternal             :     exinfo->suggestedsoundtype = 5
[LOG] SoundI::getSubSound                      :     sound 00000000562DDC48.  Subsound index 0 / 1
[LOG] SystemI::createSoundInternal             :     exinfo->initialseekpostype = 1
[LOG] SystemI::createSoundInternal             :     Stream 0/1: name='AMB_Crowd', format=2, channels=2, frequency=48000, lengthbytes=737984, lengthpcm=3269666, pcmblocksize=0, loopstart=0, loopend=0, mode=0x00000000, channelmask=0x00000000, channelorder=0, peakvolume=0.025543.
[LOG] AsyncThread::threadFunc                  : Finished Asynchronous operation on sound 00000000562DE158
[LOG] SoundI::getSubSound                      : sound 00000000562DE158.  Subsound index 0 / 1
[LOG] AsyncThread::threadFunc                  : Starting Asynchronous operation on sound 00000000562DD8E8
[LOG] AsyncThread::threadFunc                  : Finished Asynchronous operation on sound 00000000562DD8E8
[LOG] SystemI::createSoundInternal             : Create name='', mode=0x02000202
[LOG] SystemI::createSoundInternal             : exinfo->cbsize             = 232
[LOG] SystemI::createSoundInternal             : exinfo->length             = 7658752
[LOG] SystemI::createSoundInternal             : exinfo->fileoffset         = 37472
[LOG] SystemI::createSoundInternal             : exinfo->numsubsounds       = 1
[LOG] SystemI::createSoundInternal             : exinfo->inclusionlist      = 00000000761CF5FC
[LOG] SystemI::createSoundInternal             : exinfo->inclusionlistnum   = 1
[LOG] SystemI::createSoundInternal             : exinfo->suggestedsoundtype = 5
[LOG] SystemI::createSoundInternal             : exinfo->useropen           = 00007FF9925DE310
[LOG] SystemI::createSoundInternal             : exinfo->userclose          = 00007FF9925DE2E0
[LOG] SystemI::createSoundInternal             : exinfo->userread           = 00007FF9925DE3E0
[LOG] SystemI::createSoundInternal             : exinfo->userseek           = 00007FF9925DE490
[LOG] SystemI::createSoundInternal             : exinfo->fileuserdata       = 000000005642BB98
[LOG] SystemI::createSoundInternal             : exinfo->initialseekpostype = 1
[LOG] SystemI::DSPCodecPoolRegister            : register codec pool for pool type 5
[LOG] SystemI::createSoundInternal             : Sample 0/1: name='Fotsteg v2 f1', format=2, channels=2, frequency=48000, lengthbytes=28992, lengthpcm=127695, pcmblocksize=0, loopstart=0, loopend=0, mode=0x00000000, channelmask=0x00000000, channelorder=0, peakvolume=0.094025.
[LOG] SystemI::createSoundInternal             : Create name='', mode=0x02000202
[LOG] SystemI::createSoundInternal             : exinfo->cbsize             = 232
[LOG] SystemI::createSoundInternal             : exinfo->length             = 7658752
[LOG] SystemI::createSoundInternal             : exinfo->fileoffset         = 37472
[LOG] SystemI::createSoundInternal             : exinfo->numsubsounds       = 1
[LOG] SystemI::createSoundInternal             : exinfo->inclusionlist      = 00000000761CF5FC
[LOG] SystemI::createSoundInternal             : exinfo->inclusionlistnum   = 1
[LOG] SystemI::createSoundInternal             : exinfo->suggestedsoundtype = 5
[LOG] SystemI::createSoundInternal             : exinfo->useropen           = 00007FF9925DE310
[LOG] SystemI::createSoundInternal             : exinfo->userclose          = 00007FF9925DE2E0
[LOG] SystemI::createSoundInternal             : exinfo->userread           = 00007FF9925DE3E0
[LOG] SystemI::createSoundInternal             : exinfo->userseek           = 00007FF9925DE490
[LOG] SystemI::createSoundInternal             : exinfo->fileuserdata       = 000000005642BB98
[LOG] SystemI::createSoundInternal             : exinfo->initialseekpostype = 1
[LOG] SystemI::DSPCodecPoolRegister            : register codec pool for pool type 5
[LOG] SystemI::createSoundInternal             : Sample 0/1: name='Fotsteg v2 f2', format=2, channels=2, frequency=48000, lengthbytes=29152, lengthpcm=127695, pcmblocksize=0, loopstart=0, loopend=0, mode=0x00000000, channelmask=0x00000000, channelorder=0, peakvolume=0.143036.
[LOG] SystemI::createSoundInternal             : Create name='', mode=0x02000202
[LOG] SystemI::createSoundInternal             : exinfo->cbsize             = 232
[LOG] SystemI::createSoundInternal             : exinfo->length             = 7658752
[LOG] SystemI::createSoundInternal             : exinfo->fileoffset         = 37472
[LOG] SystemI::createSoundInternal             : exinfo->numsubsounds       = 1
[LOG] SystemI::createSoundInternal             : exinfo->inclusionlist      = 00000000761CF5FC
[LOG] SystemI::createSoundInternal             : exinfo->inclusionlistnum   = 1
[LOG] SystemI::createSoundInternal             : exinfo->suggestedsoundtype = 5
[LOG] SystemI::createSoundInternal             : exinfo->useropen           = 00007FF9925DE310
[LOG] SystemI::createSoundInternal             : exinfo->userclose          = 00007FF9925DE2E0
[LOG] SystemI::createSoundInternal             : exinfo->userread           = 00007FF9925DE3E0
[LOG] SystemI::createSoundInternal             : exinfo->userseek           = 00007FF9925DE490
[LOG] SystemI::createSoundInternal             : exinfo->fileuserdata       = 000000005642BB98
[LOG] SystemI::createSoundInternal             : exinfo->initialseekpostype = 1
[LOG] SystemI::DSPCodecPoolRegister            : register codec pool for pool type 5
[LOG] SystemI::createSoundInternal             : Sample 0/1: name='Fotsteg v2 f4', format=2, channels=2, frequency=48000, lengthbytes=28960, lengthpcm=127695, pcmblocksize=0, loopstart=0, loopend=0, mode=0x00000000, channelmask=0x00000000, channelorder=0, peakvolume=0.121124.
[LOG] SystemI::createSoundInternal             : Create name='', mode=0x02000202
[LOG] SystemI::createSoundInternal             : exinfo->cbsize             = 232
[LOG] SystemI::createSoundInternal             : exinfo->length             = 7658752
[LOG] SystemI::createSoundInternal             : exinfo->fileoffset         = 37472
[LOG] SystemI::createSoundInternal             : exinfo->numsubsounds       = 1
[LOG] SystemI::createSoundInternal             : exinfo->inclusionlist      = 00000000761CF5FC
[LOG] SystemI::createSoundInternal             : exinfo->inclusionlistnum   = 1
[LOG] SystemI::createSoundInternal             : exinfo->suggestedsoundtype = 5
[LOG] SystemI::createSoundInternal             : exinfo->useropen           = 00007FF9925DE310
[LOG] SystemI::createSoundInternal             : exinfo->userclose          = 00007FF9925DE2E0
[LOG] SystemI::createSoundInternal             : exinfo->userread           = 00007FF9925DE3E0
[LOG] SystemI::createSoundInternal             : exinfo->userseek           = 00007FF9925DE490
[LOG] SystemI::createSoundInternal             : exinfo->fileuserdata       = 000000005642BB98
[LOG] SystemI::createSoundInternal             : exinfo->initialseekpostype = 1
[LOG] SystemI::DSPCodecPoolRegister            : register codec pool for pool type 5
[LOG] SystemI::createSoundInternal             : Sample 0/1: name='Fotsteg v2 f5', format=2, channels=2, frequency=48000, lengthbytes=29024, lengthpcm=127695, pcmblocksize=0, loopstart=0, loopend=0, mode=0x00000000, channelmask=0x00000000, channelorder=0, peakvolume=0.062225.
[LOG] SystemI::createSoundInternal             : Create name='', mode=0x02000202
[LOG] SystemI::createSoundInternal             : exinfo->cbsize             = 232
[LOG] SystemI::createSoundInternal             : exinfo->length             = 7658752
[LOG] SystemI::createSoundInternal             : exinfo->fileoffset         = 37472
[LOG] SystemI::createSoundInternal             : exinfo->numsubsounds       = 1
[LOG] SystemI::createSoundInternal             : exinfo->inclusionlist      = 00000000761CF5FC
[LOG] SystemI::createSoundInternal             : exinfo->inclusionlistnum   = 1
[LOG] SystemI::createSoundInternal             : exinfo->suggestedsoundtype = 5
[LOG] SystemI::createSoundInternal             : exinfo->useropen           = 00007FF9925DE310
[LOG] SystemI::createSoundInternal             : exinfo->userclose          = 00007FF9925DE2E0
[LOG] SystemI::createSoundInternal             : exinfo->userread           = 00007FF9925DE3E0
[LOG] SystemI::createSoundInternal             : exinfo->userseek           = 00007FF9925DE490
[LOG] SystemI::createSoundInternal             : exinfo->fileuserdata       = 000000005642BB98
[LOG] SystemI::createSoundInternal             : exinfo->initialseekpostype = 1
[LOG] SystemI::DSPCodecPoolRegister            : register codec pool for pool type 5
[LOG] SystemI::createSoundInternal             : Sample 0/1: name='Fotsteg v2 f3', format=2, channels=2, frequency=48000, lengthbytes=29024, lengthpcm=127695, pcmblocksize=0, loopstart=0, loopend=0, mode=0x00000000, channelmask=0x00000000, channelorder=0, peakvolume=0.135773.
[LOG] AsyncThread::threadFunc                  : Starting Asynchronous operation on sound 00000000562DE4B8
[LOG] AsyncThread::threadFunc                  : Finished Asynchronous operation on sound 00000000562DE4B8
[LOG] AsyncThread::threadFunc                  : Starting Asynchronous operation on sound 00000000562DDFA8
[LOG] AsyncThread::threadFunc                  : Finished Asynchronous operation on sound 00000000562DDFA8
[LOG] SoundI::release                          : AMB_Crowd (00000000562DE158)
[LOG] SoundI::release                          :     AMB_Crowd (00000000565611E8)
[LOG] SoundI::release                          :     AMB_Crowd (00000000562DE308)
[LOG] SoundI::release                          : variation1 (gramophone) (000000004BBA8FA8)
[LOG] SoundI::release                          :     variation1 (gramophone) (0000000056143B18)
[LOG] SoundI::release                          :     variation1 (gramophone) (00000000562DD8E8)
[LOG] SoundI::release                          : variation1 (000000004BBA8DF8)
[LOG] SoundI::release                          :     variation1 (0000000056143978)
[LOG] SoundI::release                          :     variation1 (00000000562DED28)
[LOG] SoundI::release                          : piano (octave) (000000004BBA8C48)
[LOG] SoundI::release                          :     piano (octave) (0000000056143638)
[LOG] SoundI::release                          :     piano (octave) (00000000562DDDF8)
[LOG] SoundI::release                          : Fireplace_low (00000000562DDC48)
[LOG] SoundI::release                          :     Fireplace_low (0000000056561528)
[LOG] SoundI::release                          :     Fireplace_low (00000000562DDFA8)
[LOG] SoundI::release                          : Fireplace_high_edit (000000004B722FA8)
[LOG] SoundI::release                          :     Fireplace_high_edit (0000000056562A48)
[LOG] SoundI::release                          :     Fireplace_high_edit (00000000562DE4B8)
[LOG] SoundI::release                          : AMB_rain and thunder (000000004BBA8A98)
[LOG] SoundI::release                          :     AMB_rain and thunder (0000000056142E18)
[LOG] SoundI::release                          :     AMB_rain and thunder (00000000562DE818)
[LOG] SoundI::release                          :  (0000000055E1F078)
[LOG] SoundI::release                          :     glas_1 (00000000561432F8)
[LOG] SoundI::release                          :  (0000000055E1F4C8)
[LOG] SoundI::release                          :     glas_2 (00000000561437D8)
[LOG] SoundI::release                          :  (0000000055E1EF08)
[LOG] SoundI::release                          :     glas_3 (0000000056142938)
[LOG] SoundI::release                          :  (0000000055E1FD68)
[LOG] SoundI::release                          :     glas_4 (0000000056142AD8)
[LOG] SoundI::release                          :  (0000000055E1DF38)
[LOG] SoundI::release                          :     glas_5 (0000000056142FB8)
[LOG] SoundI::release                          :  (0000000055E1F638)
[LOG] SoundI::release                          :     Fotsteg v2 f1 (0000000056561388)
[LOG] SoundI::release                          :  (0000000055E1E218)
[LOG] SoundI::release                          :     Fotsteg v2 f2 (00000000565630C8)
[LOG] SoundI::release                          :  (0000000055E1ED98)
[LOG] SoundI::release                          :     Fotsteg v2 f3 (000000005655F648)
[LOG] SoundI::release                          :  (0000000055E1E4F8)
[LOG] SoundI::release                          :     Fotsteg v2 f4 (000000005655F308)
[LOG] SoundI::release                          :  (0000000055E1E7D8)
[LOG] SoundI::release                          :     Fotsteg v2 f5 (000000005655F4A8)
[LOG] Thread::callback                         : FMOD Studio update thread finished.
[LOG] Thread::callback                         : FMOD Studio bank load thread finished.
[LOG] Profile::disconnectAll                   : Profiler disconnecting all clients
[LOG] Thread::callback                         : FMOD Studio sample load thread finished.
[LOG] LiveUpdate::release                      : 
[LOG] LiveUpdate::reset                        : Reset connection (reason Disconnected)
[LOG] Thread::callback                         : FMOD stream thread finished.
[LOG] Thread::callback                         : FMOD mixer thread finished.
[LOG] Profile::disconnectAll                   : Profiler disconnecting all clients
[LOG] Thread::callback                         : FMOD nonblocking thread (0) finished.
[LOG] Thread::callback                         : FMOD file thread finished.
[LOG] SystemI::close                           : Closed.
